\BOOKMARK [1][-]{section.1}{\376\377\000I\000n\000t\000r\000o\000d\000u\000c\000t\000i\000o\000n}{}% 1
\BOOKMARK [2][-]{subsection.1.1}{\376\377\000P\000r\000o\000j\000e\000c\000t\000\040\000C\000o\000n\000t\000e\000x\000t}{section.1}% 2
\BOOKMARK [2][-]{subsection.1.2}{\376\377\000O\000b\000j\000e\000c\000t\000i\000v\000e\000s}{section.1}% 3
\BOOKMARK [1][-]{section.2}{\376\377\000T\000h\000e\000o\000r\000e\000t\000i\000c\000a\000l\000\040\000B\000a\000c\000k\000g\000r\000o\000u\000n\000d}{}% 4
\BOOKMARK [2][-]{subsection.2.1}{\376\377\000L\000i\000n\000e\000a\000r\000\040\000P\000r\000o\000g\000r\000a\000m\000m\000i\000n\000g\000\040\000i\000n\000\040\000E\000n\000e\000r\000g\000y\000\040\000S\000y\000s\000t\000e\000m\000s}{section.2}% 5
\BOOKMARK [2][-]{subsection.2.2}{\376\377\000D\000C\000\040\000O\000p\000t\000i\000m\000a\000l\000\040\000P\000o\000w\000e\000r\000\040\000F\000l\000o\000w}{section.2}% 6
\BOOKMARK [1][-]{section.3}{\376\377\000M\000e\000t\000h\000o\000d\000o\000l\000o\000g\000y\000\040\000a\000n\000d\000\040\000I\000m\000p\000l\000e\000m\000e\000n\000t\000a\000t\000i\000o\000n}{}% 7
\BOOKMARK [2][-]{subsection.3.1}{\376\377\000S\000y\000s\000t\000e\000m\000\040\000A\000r\000c\000h\000i\000t\000e\000c\000t\000u\000r\000e}{section.3}% 8
\BOOKMARK [2][-]{subsection.3.2}{\376\377\000C\000o\000r\000e\000\040\000C\000o\000m\000p\000o\000n\000e\000n\000t\000s}{section.3}% 9
\BOOKMARK [2][-]{subsection.3.3}{\376\377\000T\000e\000c\000h\000n\000i\000c\000a\000l\000\040\000I\000m\000p\000l\000e\000m\000e\000n\000t\000a\000t\000i\000o\000n}{section.3}% 10
\BOOKMARK [1][-]{section.4}{\376\377\000R\000e\000s\000u\000l\000t\000s\000\040\000a\000n\000d\000\040\000V\000a\000l\000i\000d\000a\000t\000i\000o\000n}{}% 11
\BOOKMARK [2][-]{subsection.4.1}{\376\377\000T\000e\000s\000t\000\040\000C\000a\000s\000e\000s\000\040\000\050\000S\000c\000e\000n\000a\000r\000i\000o\000\040\000D\000e\000f\000i\000n\000i\000t\000i\000o\000n\000s\000\051}{section.4}% 12
\BOOKMARK [2][-]{subsection.4.2}{\376\377\000O\000p\000e\000r\000a\000t\000i\000o\000n\000a\000l\000\040\000R\000e\000s\000u\000l\000t\000s}{section.4}% 13
\BOOKMARK [2][-]{subsection.4.3}{\376\377\000I\000n\000v\000e\000s\000t\000m\000e\000n\000t\000\040\000\046\000\040\000E\000c\000o\000n\000o\000m\000i\000c\000\040\000A\000n\000a\000l\000y\000s\000i\000s}{section.4}% 14
\BOOKMARK [2][-]{subsection.4.4}{\376\377\000R\000e\000p\000o\000r\000t\000\040\000G\000e\000n\000e\000r\000a\000t\000i\000o\000n\000\040\000a\000n\000d\000\040\000I\000n\000s\000i\000g\000h\000t\000s}{section.4}% 15
\BOOKMARK [1][-]{section.5}{\376\377\000D\000i\000s\000c\000u\000s\000s\000i\000o\000n}{}% 16
\BOOKMARK [2][-]{subsection.5.1}{\376\377\000L\000i\000m\000i\000t\000a\000t\000i\000o\000n\000s}{section.5}% 17
\BOOKMARK [2][-]{subsection.5.2}{\376\377\000M\000e\000t\000h\000o\000d\000o\000l\000o\000g\000i\000c\000a\000l\000\040\000I\000n\000s\000i\000g\000h\000t\000s}{section.5}% 18
\BOOKMARK [2][-]{subsection.5.3}{\376\377\000F\000u\000t\000u\000r\000e\000\040\000D\000i\000r\000e\000c\000t\000i\000o\000n\000s}{section.5}% 19
\BOOKMARK [2][-]{subsection.5.4}{\376\377\000C\000o\000n\000c\000l\000u\000d\000i\000n\000g\000\040\000R\000e\000m\000a\000r\000k\000s}{section.5}% 20
\BOOKMARK [1][-]{section.6}{\376\377\000C\000o\000n\000c\000l\000u\000s\000i\000o\000n}{}% 21
\BOOKMARK [1][-]{appendix.A}{\376\377\000C\000o\000d\000e\000\040\000M\000o\000d\000e\000l}{}% 22
\BOOKMARK [2][-]{subsection.A.1}{\376\377\000O\000p\000t\000i\000m\000i\000z\000a\000t\000i\000o\000n\000\040\000M\000o\000d\000e\000l}{appendix.A}% 23
\BOOKMARK [2][-]{subsection.A.2}{\376\377\000S\000o\000l\000v\000e\000r}{appendix.A}% 24
\BOOKMARK [2][-]{subsection.A.3}{\376\377\000E\000c\000o\000n\000o\000m\000i\000c\000\040\000C\000a\000l\000c\000u\000l\000a\000t\000i\000o\000n\000s}{appendix.A}% 25
\BOOKMARK [2][-]{subsection.A.4}{\376\377\000A\000I\000\040\000I\000n\000t\000e\000g\000r\000a\000t\000i\000o\000n\000\040\000a\000n\000d\000\040\000R\000e\000p\000o\000r\000t\000i\000n\000g}{appendix.A}% 26
\BOOKMARK [1][-]{lstnumber.-6.419}{\376\377\000R\000e\000f\000e\000r\000e\000n\000c\000e\000s}{}% 27
